<?xml version="1.0" encoding="UTF-8"?>
<!-- Generated by org.testng.reporters.JUnitReportReporter -->
<testsuite skipped="0" hostname="VJ3PBDSX55E59H6" name="com.testcase.LoginCase" tests="1" failures="0" timestamp="02 七月 2017 09:28:07 GMT" time="23.191" errors="0">
  <testcase name="start" time="23.191" classname="com.testcase.LoginCase"/>
</testsuite> <!-- com.testcase.LoginCase -->
