<?xml version="1.0" encoding="UTF-8"?>
<!-- Generated by org.testng.reporters.JUnitReportReporter -->
<testsuite skipped="0" hostname="VJ3PBDSX55E59H6" name="indi.launc.Test1" tests="3" failures="0" timestamp="03 七月 2017 14:59:20 GMT" time="0.039" errors="0">
  <testcase name="add1" time="0.029" classname="indi.launc.Test1"/>
  <testcase name="add3" time="0.008" classname="indi.launc.Test1"/>
  <testcase name="add2" time="0.002" classname="indi.launc.Test1"/>
</testsuite> <!-- indi.launc.Test1 -->
