<?xml version="1.0" encoding="UTF-8"?>
<!-- Generated by org.testng.reporters.JUnitReportReporter -->
<testsuite skipped="0" hostname="VJ3PBDSX55E59H6" name="com.yxm.Demo1" tests="1" failures="0" timestamp="03 七月 2017 15:45:24 GMT" time="0.020" errors="0">
  <testcase name="yxmTest" time="0.020" classname="com.yxm.Demo1"/>
</testsuite> <!-- com.yxm.Demo1 -->
