<?xml version="1.0" encoding="UTF-8"?>
<!-- Generated by org.testng.reporters.JUnitReportReporter -->
<testsuite skipped="0" hostname="VJ3PBDSX55E59H6" name="com.yxm.Demo2" tests="1" failures="0" timestamp="03 七月 2017 15:45:24 GMT" time="0.001" errors="0">
  <testcase name="yxmTest2" time="0.001" classname="com.yxm.Demo2"/>
</testsuite> <!-- com.yxm.Demo2 -->
