<?xml version="1.0" encoding="UTF-8"?>
<!-- Generated by org.testng.reporters.JUnitReportReporter -->
<testsuite skipped="0" hostname="VJ3PBDSX55E59H6" name="com.yxmwj.Demo1" tests="1" failures="0" timestamp="03 七月 2017 15:24:58 GMT" time="0.004" errors="0">
  <testcase name="yxmwjTest" time="0.004" classname="com.yxmwj.Demo1"/>
</testsuite> <!-- com.yxmwj.Demo1 -->
