<?xml version="1.0" encoding="UTF-8"?>
<!-- Generated by org.testng.reporters.JUnitReportReporter -->
<testsuite skipped="0" hostname="VJ3PBDSX55E59H6" name="com.ywj.Demo1" tests="1" failures="0" timestamp="03 七月 2017 15:24:58 GMT" time="0.026" errors="0">
  <testcase name="ywjTest" time="0.026" classname="com.ywj.Demo1"/>
</testsuite> <!-- com.ywj.Demo1 -->
