<?xml version="1.0" encoding="UTF-8"?>
<!-- Generated by org.testng.reporters.JUnitReportReporter -->
<testsuite skipped="0" hostname="VJ3PBDSX55E59H6" name="com.beust.TestBrowsers" tests="1" failures="0" timestamp="01 七月 2017 17:16:30 GMT" time="6.238" errors="0">
  <testcase name="start" time="6.238" classname="com.beust.TestBrowsers"/>
</testsuite> <!-- com.beust.TestBrowsers -->
