<?xml version="1.0" encoding="UTF-8"?>
<!-- Generated by org.testng.reporters.JUnitReportReporter -->
<testsuite skipped="0" hostname="VJ3PBDSX55E59H6" name="indi.launc.Test2" tests="3" failures="0" timestamp="03 七月 2017 14:48:40 GMT" time="0.029" errors="0">
  <testcase name="two1" time="0.026" classname="indi.launc.Test2"/>
  <testcase name="two2" time="0.002" classname="indi.launc.Test2"/>
  <testcase name="two3" time="0.001" classname="indi.launc.Test2"/>
</testsuite> <!-- indi.launc.Test2 -->
