<?xml version="1.0" encoding="UTF-8"?>
<!-- Generated by org.testng.reporters.JUnitReportReporter -->
<testsuite skipped="0" hostname="VJ3PBDSX55E59H6" name="com.testcase.DraftNumCase" tests="1" failures="0" timestamp="03 七月 2017 16:18:24 GMT" time="23.313" errors="0">
  <testcase name="start" time="23.313" classname="com.testcase.DraftNumCase"/>
</testsuite> <!-- com.testcase.DraftNumCase -->
